{"/Users/AlexanderKaa/apps/Sites/what-to-watch/src/components/app/app.jsx": {"path":"/Users/AlexanderKaa/apps/Sites/what-to-watch/src/components/app/app.jsx","statementMap":{"0":{"start":{"line":5,"column":12},"end":{"line":18,"column":1}},"1":{"start":{"line":6,"column":35},"end":{"line":6,"column":40}},"2":{"start":{"line":7,"column":33},"end":{"line":9,"column":3}},"3":{"start":{"line":8,"column":4},"end":{"line":8,"column":25}},"4":{"start":{"line":11,"column":37},"end":{"line":13,"column":3}},"5":{"start":{"line":12,"column":4},"end":{"line":12,"column":25}},"6":{"start":{"line":15,"column":2},"end":{"line":17,"column":4}},"7":{"start":{"line":20,"column":0},"end":{"line":33,"column":2}}},"fnMap":{"0":{"name":"(anonymous_0)","decl":{"start":{"line":5,"column":12},"end":{"line":5,"column":13}},"loc":{"start":{"line":5,"column":23},"end":{"line":18,"column":1}},"line":5},"1":{"name":"(anonymous_1)","decl":{"start":{"line":7,"column":33},"end":{"line":7,"column":34}},"loc":{"start":{"line":7,"column":42},"end":{"line":9,"column":3}},"line":7},"2":{"name":"(anonymous_2)","decl":{"start":{"line":11,"column":37},"end":{"line":11,"column":38}},"loc":{"start":{"line":11,"column":46},"end":{"line":13,"column":3}},"line":11}},"branchMap":{},"s":{"0":1,"1":1,"2":1,"3":0,"4":1,"5":0,"6":1,"7":1},"f":{"0":1,"1":0,"2":0},"b":{},"_coverageSchema":"1a1c01bbd47fc00a2c39e90264f33305004495a9","hash":"f65473fbb6c9f1e27d910e7769c9d7ecd34449fb"}
,"/Users/AlexanderKaa/apps/Sites/what-to-watch/src/components/main/main.jsx": {"path":"/Users/AlexanderKaa/apps/Sites/what-to-watch/src/components/main/main.jsx","statementMap":{"0":{"start":{"line":5,"column":13},"end":{"line":127,"column":1}},"1":{"start":{"line":6,"column":77},"end":{"line":6,"column":82}},"2":{"start":{"line":7,"column":38},"end":{"line":7,"column":48}},"3":{"start":{"line":9,"column":2},"end":{"line":126,"column":4}},"4":{"start":{"line":129,"column":0},"end":{"line":144,"column":2}}},"fnMap":{"0":{"name":"(anonymous_0)","decl":{"start":{"line":5,"column":13},"end":{"line":5,"column":14}},"loc":{"start":{"line":5,"column":24},"end":{"line":127,"column":1}},"line":5}},"branchMap":{},"s":{"0":3,"1":3,"2":3,"3":3,"4":3},"f":{"0":3},"b":{},"_coverageSchema":"1a1c01bbd47fc00a2c39e90264f33305004495a9","hash":"3fbe5c31c1a7504c4f8bcb803259cdf48e41a796"}
,"/Users/AlexanderKaa/apps/Sites/what-to-watch/src/components/movie-card/movie-card.jsx": {"path":"/Users/AlexanderKaa/apps/Sites/what-to-watch/src/components/movie-card/movie-card.jsx","statementMap":{"0":{"start":{"line":4,"column":18},"end":{"line":19,"column":1}},"1":{"start":{"line":5,"column":67},"end":{"line":5,"column":72}},"2":{"start":{"line":6,"column":2},"end":{"line":18,"column":4}},"3":{"start":{"line":21,"column":0},"end":{"line":26,"column":2}}},"fnMap":{"0":{"name":"(anonymous_0)","decl":{"start":{"line":4,"column":18},"end":{"line":4,"column":19}},"loc":{"start":{"line":4,"column":29},"end":{"line":19,"column":1}},"line":4}},"branchMap":{},"s":{"0":6,"1":14,"2":14,"3":6},"f":{"0":14},"b":{},"_coverageSchema":"1a1c01bbd47fc00a2c39e90264f33305004495a9","hash":"b36b39ace3d99b86f9654959037c920206931900"}
,"/Users/AlexanderKaa/apps/Sites/what-to-watch/src/components/movie-list/movie-list.jsx": {"path":"/Users/AlexanderKaa/apps/Sites/what-to-watch/src/components/movie-list/movie-list.jsx","statementMap":{"0":{"start":{"line":5,"column":19},"end":{"line":25,"column":1}},"1":{"start":{"line":6,"column":65},"end":{"line":6,"column":70}},"2":{"start":{"line":8,"column":2},"end":{"line":24,"column":4}},"3":{"start":{"line":12,"column":10},"end":{"line":20,"column":12}},"4":{"start":{"line":27,"column":0},"end":{"line":36,"column":2}}},"fnMap":{"0":{"name":"(anonymous_0)","decl":{"start":{"line":5,"column":19},"end":{"line":5,"column":20}},"loc":{"start":{"line":5,"column":30},"end":{"line":25,"column":1}},"line":5},"1":{"name":"(anonymous_1)","decl":{"start":{"line":11,"column":23},"end":{"line":11,"column":24}},"loc":{"start":{"line":11,"column":34},"end":{"line":21,"column":9}},"line":11}},"branchMap":{},"s":{"0":4,"1":4,"2":4,"3":12,"4":4},"f":{"0":4,"1":12},"b":{},"_coverageSchema":"1a1c01bbd47fc00a2c39e90264f33305004495a9","hash":"698983706c3e38b174a87bb6ff091afeb46c1b19"}
}
