TN:
SF:src/components/app/app.jsx
FN:5,(anonymous_0)
FN:7,(anonymous_1)
FN:11,(anonymous_2)
FNF:3
FNH:1
FNDA:1,(anonymous_0)
FNDA:0,(anonymous_1)
FNDA:0,(anonymous_2)
DA:5,1
DA:6,1
DA:7,1
DA:8,0
DA:11,1
DA:12,0
DA:15,1
DA:20,1
LF:8
LH:6
BRF:0
BRH:0
end_of_record
TN:
SF:src/components/main/main.jsx
FN:5,(anonymous_0)
FNF:1
FNH:1
FNDA:3,(anonymous_0)
DA:5,3
DA:6,3
DA:7,3
DA:9,3
DA:129,3
LF:5
LH:5
BRF:0
BRH:0
end_of_record
TN:
SF:src/components/movie-card/movie-card.jsx
FN:4,(anonymous_0)
FNF:1
FNH:1
FNDA:14,(anonymous_0)
DA:4,6
DA:5,14
DA:6,14
DA:21,6
LF:4
LH:4
BRF:0
BRH:0
end_of_record
TN:
SF:src/components/movie-list/movie-list.jsx
FN:5,(anonymous_0)
FN:11,(anonymous_1)
FNF:2
FNH:2
FNDA:4,(anonymous_0)
FNDA:12,(anonymous_1)
DA:5,4
DA:6,4
DA:8,4
DA:12,12
DA:27,4
LF:5
LH:5
BRF:0
BRH:0
end_of_record
